import { registerInstance as __stencil_registerInstance } from "@stencil/core";
import { h } from "@stencil/core";
import { format } from '../../utils/utils';
export const DatePicker = class {
    constructor(hostRef) {
        __stencil_registerInstance(this, hostRef);
    }
    componentDidLoad() {
        window.addEventListener('click', this.addBackDrop);
    }
    componentDidUnload() {
        window.removeEventListener('click', this.addBackDrop);
    }
    addBackDrop(event) {
        console.log("Backdrop added", event);
    }
    toggleDatePicker(showDatePicker = true) {
        this.showDatePicker = showDatePicker;
    }
    getText() {
        return format(this.first, this.middle, this.last);
    }
    render() {
        return (h("div", null, "Hello, World! I'm ", this.getText()));
    }
    static get style() { return "STYLE_TEXT_PLACEHOLDER:date-picker"; }
};
