import { registerInstance as __stencil_registerInstance } from "@stencil/core";
import { Host, h } from "@stencil/core";
export const Calendar = class {
    constructor(hostRef) {
        __stencil_registerInstance(this, hostRef);
        this.oneDay = 60 * 60 * 24 * 1000;
        this.todayTimestamp = Date.now() - (Date.now() % this.oneDay) + (new Date().getTimezoneOffset() * 1000 * 60);
        this.getMonthDetails = (year, month) => {
            let firstDay = (new Date(year, month)).getDay();
            let numberOfDays = this.getNumberOfDays(year, month);
            let monthArray = [];
            let rows = 6;
            let currentDay = null;
            let index = 0;
            let cols = 7;
            for (let row = 0; row < rows; row++) {
                for (let col = 0; col < cols; col++) {
                    currentDay = this.getDayDetails({
                        index,
                        numberOfDays,
                        firstDay,
                        year,
                        month
                    });
                    monthArray.push(currentDay);
                    index++;
                }
            }
            return monthArray;
        };
        let date = new Date();
        this.year = date.getFullYear();
        this.month = date.getMonth();
        this.selectedDay = this.todayTimestamp;
        this.monthDetails = this.getMonthDetails(this.year, this.month);
    }
    render() {
        return (h(Host, null, h("div", { class: "mdp-container" }, "date-picker shown")));
    }
    static get style() { return "STYLE_TEXT_PLACEHOLDER:date-calendar"; }
};
