import { registerInstance as __stencil_registerInstance, getElement as __stencil_getElement } from "@stencil/core";
import { h } from "@stencil/core";
export const DatePicker = class {
    constructor(hostRef) {
        __stencil_registerInstance(this, hostRef);
    }
    addBackDrop(event) {
        if (this.showDatePicker && !this.element.isSameNode(event.target)) {
            this.showDatePicker = false;
            event.stopPropagation();
        }
    }
    toggleDatePicker() {
        this.showDatePicker = !this.showDatePicker;
    }
    render() {
        return (h("div", { class: "MyDatePicker" }, h("div", { class: "mdb-input", onClick: () => { this.toggleDatePicker(); } }, h("input", { class: "date-input", type: "date", ref: el => this.inputRef = el })), this.showDatePicker ? (h("date-calendar", null)) : ''));
    }
    get element() { return __stencil_getElement(this); }
    static get style() { return "STYLE_TEXT_PLACEHOLDER:date-picker"; }
};
