import { registerInstance as __stencil_registerInstance } from "@stencil/core";
import { Host, h } from "@stencil/core";
export const Calendar = class {
    constructor(hostRef) {
        __stencil_registerInstance(this, hostRef);
        this.oneDay = 60 * 60 * 24 * 1000;
        this.todayTimestamp = Date.now() - (Date.now() % this.oneDay) + (new Date().getTimezoneOffset() * 1000 * 60);
        this.daysMap = ['Sunday', 'Monday', 'Tuesday', 'Wednesday', 'Thursday', 'Friday', 'Saturday'];
        this.monthMap = ['January', 'February', 'March', 'April', 'May', 'June', 'July', 'August', 'September', 'October', 'November', 'December'];
        let date = new Date();
        this.year = date.getFullYear();
        this.month = date.getMonth();
        this.selectedDay = this.todayTimestamp;
        this.monthDetails = this.getMonthDetails(this.year, this.month);
    }
    getMonthDetails(year, month) {
        let firstDay = (new Date(year, month)).getDay();
        let numberOfDays = this.getNumberOfDays(year, month);
        let monthArray = [];
        let rows = 6;
        let currentDay = null;
        let index = 0;
        let cols = 7;
        for (let row = 0; row < rows; row++) {
            for (let col = 0; col < cols; col++) {
                currentDay = this.getDayDetails({
                    index,
                    numberOfDays,
                    firstDay,
                    year,
                    month
                });
                monthArray.push(currentDay);
                index++;
            }
        }
        return monthArray;
    }
    getDayDetails(args) {
        let date = args.index - args.firstDay;
        let day = args.index % 7;
        let prevMonth = args.month - 1;
        let prevYear = args.year;
        if (prevMonth < 0) {
            prevMonth = 11;
            prevYear--;
        }
        let prevMonthNumberOfDays = this.getNumberOfDays(prevYear, prevMonth);
        let _date = (date < 0 ? prevMonthNumberOfDays + date : date % args.numberOfDays) + 1;
        let month = date < 0 ? -1 : date >= args.numberOfDays ? 1 : 0;
        let timestamp = new Date(args.year, args.month, _date).getTime();
        return {
            date: _date,
            day,
            month,
            timestamp,
            dayString: this.daysMap[day]
        };
    }
    getNumberOfDays(year, month) {
        return 40 - new Date(year, month, 40).getDate();
    }
    /**
       *  Renderers
       */
    renderCalendar() {
        let days = this.monthDetails.map((day, index) => {
            return (h("div", { class: 'c-day-container ' + (day.month !== 0 ? ' disabled' : '') +
                    (this.isCurrentDay(day) ? ' highlight' : '') + (this.isSelectedDay(day) ? ' highlight-green' : ''), key: index }, h("div", { class: 'cdc-day' }, h("span", { onClick: () => this.onDateClick(day) }, day.date))));
        });
        return (h("div", { class: 'c-container' }, h("div", { class: 'cc-head' }, ['SUN', 'MON', 'TUE', 'WED', 'THU', 'FRI', 'SAT'].map((d, i) => h("div", { key: i, class: 'cch-name' }, d))), h("div", { class: 'cc-body' }, days)));
    }
    render() {
        return (h(Host, null, h("div", { class: "mdp-container" }, h("div", { class: 'mdpc-head' }, h("div", { class: 'mdpch-button' }, h("div", { class: 'mdpchb-inner', onClick: () => this.setYear(-1) }, h("span", { class: 'mdpchbi-left-arrows' }))), h("div", { class: 'mdpch-button' }, h("div", { class: 'mdpchb-inner', onClick: () => this.setMonth(-1) }, h("span", { class: 'mdpchbi-left-arrow' }))), h("div", { class: 'mdpch-container' }, h("div", { class: 'mdpchc-year' }, this.state.year), h("div", { class: 'mdpchc-month' }, this.getMonthStr(this.month))), h("div", { class: 'mdpch-button' }, h("div", { class: 'mdpchb-inner', onClick: () => this.setMonth(1) }, h("span", { class: 'mdpchbi-right-arrow' }))), h("div", { class: 'mdpch-button', onClick: () => this.setYear(1) }, h("div", { class: 'mdpchb-inner' }, h("span", { class: 'mdpchbi-right-arrows' })))), h("div", { class: 'mdpc-body' }, this.renderCalendar()))));
    }
    static get style() { return "STYLE_TEXT_PLACEHOLDER:date-calendar"; }
};
